<?xml version="1.0" encoding="UTF-8"?>
<Site BuildName="Darwin-clang++"
	BuildStamp="20231008-1105-Experimental"
	Name="Liams-Air.homenet.telecomitalia.it"
	Generator="ctest-3.23.5"
	CompilerName="/usr/bin/clang++"
	CompilerVersion="14.0.3.14030022"
	OSName="macOS"
	Hostname="Host-033.homenet.telecomitalia.it"
	OSRelease="13.3.1"
	OSVersion="22E261"
	OSPlatform="arm64"
	Is64Bits="1"
	VendorString="IBM"
	VendorID="IBM"
	FamilyID="16777228"
	ModelID="2"
	ProcessorCacheSize="131072"
	NumberOfLogicalCPU="8"
	NumberOfPhysicalCPU="8"
	TotalVirtualMemory="2048"
	TotalPhysicalMemory="8192"
	LogicalProcessorsPerPhysical="8"
	ProcessorClockFrequency="0"
	>
	<Testing>
		<StartDateTime>Oct 08 18:38 CEST</StartDateTime>
		<StartTestTime>1696783112</StartTestTime>
		<TestList/>
		<EndDateTime>Oct 08 18:38 CEST</EndDateTime>
		<EndTestTime>1696783112</EndTestTime>
		<ElapsedMinutes>0</ElapsedMinutes>
	</Testing>
</Site>
